Arguments: 
  /usr/local/bin/node /usr/local/bin/yarn add vuepress@next

PATH: 
  /home/wn/.vscode-server/bin/899d46d82c4c95423fb7e10e68eba52050e30ba3/bin:/usr/local/sbin:/usr/local/bin:/usr/sbin:/usr/bin:/sbin:/bin:/usr/games:/usr/local/games:/usr/lib/wsl/lib:/mnt/c/WINDOWS/system32:/mnt/c/WINDOWS:/mnt/c/WINDOWS/System32/Wbem:/mnt/c/WINDOWS/System32/WindowsPowerShell/v1.0/:/mnt/c/WINDOWS/System32/OpenSSH/:/mnt/c/Program Files/dotnet/:/mnt/c/Program Files/Microsoft VS Code/bin:/mnt/c/Program Files/Pandoc/:/mnt/c/Program Files (x86)/gs/gs9.55.0/bin:/mnt/c/Program Files/Microsoft SQL Server Migration Assistant for MySQL/bin/:/mnt/c/Users/32075/AppData/Local/Programs/Python/Python39/Scripts/:/mnt/c/Users/32075/AppData/Local/Programs/Python/Python39/:/mnt/c/Users/32075/AppData/Local/Microsoft/WindowsApps:/mnt/c/Users/32075/AppData/Local/Programs/Fiddler:/mnt/c/Users/32075/AppData/Local/Microsoft/WindowsApps

Yarn version: 
  1.22.10

Node version: 
  14.18.1

Platform: 
  linux x64

Trace: 
  Error: getaddrinfo EAI_AGAIN registry.npm.taobao.org
      at GetAddrInfoReqWrap.onlookup [as oncomplete] (dns.js:71:26)

npm manifest: 
  {
    "name": "vuepress-plugin-mermaidjs-next",
    "version": "0.0.4",
    "description": "A plugin for adding Mermaid to VuePress 2.X",
    "keywords": [
      "vue",
      "vuepress",
      "vuepress-plugin",
      "mermaid"
    ],
    "repository": {
      "type": "git",
      "url": "git+https://github.com/wo-ni/vuepress-plugin-mermaidjs-next.git",
      "directory": "packages/plugins/mermaid"
    },
    "license": "MIT",
    "author": "<wn0x01@gmail.com>",
    "main": "lib/node/index.js",
    "types": "lib/node/index.d.ts",
    "files": [
      "lib"
    ],
    "scripts": {
      "build": "tsc -b tsconfig.build.json",
      "clean": "rimraf lib *.tsbuildinfo",
      "copy": "cpx \"src/**/*.css\" lib"
    },
    "dependencies": {
      "@vuepress/client": "^2.0.0-alpha.1",
      "@vuepress/shared": "^2.0.0-alpha.1",
      "@vuepress/utils": "^2.0.0-alpha.1",
      "markdown-it": "^12.3.0",
      "mermaid": "^8.13.4",
      "typescript": "^4.5.4",
      "vue": "^3.2.26"
    },
    "bugs": {
      "url": "https://github.com/wo-ni/vuepress-plugin-mermaidjs-next/issues"
    },
    "homepage": "https://github.com/wo-ni/vuepress-plugin-mermaidjs-next#readme"
  }

yarn manifest: 
  No manifest

Lockfile: 
  # THIS IS AN AUTOGENERATED FILE. DO NOT EDIT THIS FILE DIRECTLY.
  # yarn lockfile v1
  
  
  "@babel/parser@^7.16.4":
    version "7.16.6"
    resolved "https://registry.npmmirror.com/@babel/parser/download/@babel/parser-7.16.6.tgz#8f194828193e8fa79166f34a4b4e52f3e769a314"
    integrity sha512-Gr86ujcNuPDnNOY8mi383Hvi8IYrJVJYuf3XcuBM/Dgd+bINn/7tHqsj+tKkoreMbmGsFLsltI/JJd8fOFWGDQ==
  
  "@braintree/sanitize-url@^3.1.0":
    version "3.1.0"
    resolved "https://registry.nlark.com/@braintree/sanitize-url/download/@braintree/sanitize-url-3.1.0.tgz#8ff71d51053cd5ee4981e5a501d80a536244f7fd"
    integrity sha1-j/cdUQU81e5JgeWlAdgKU2JE9/0=
  
  "@nodelib/fs.scandir@2.1.5":
    version "2.1.5"
    resolved "https://registry.nlark.com/@nodelib/fs.scandir/download/@nodelib/fs.scandir-2.1.5.tgz#7619c2eb21b25483f6d167548b4cfd5a7488c3d5"
    integrity sha1-dhnC6yGyVIP20WdUi0z9WnSIw9U=
    dependencies:
      "@nodelib/fs.stat" "2.0.5"
      run-parallel "^1.1.9"
  
  "@nodelib/fs.stat@2.0.5", "@nodelib/fs.stat@^2.0.2":
    version "2.0.5"
    resolved "https://registry.nlark.com/@nodelib/fs.stat/download/@nodelib/fs.stat-2.0.5.tgz?cache=0&sync_timestamp=1622792655362&other_urls=https%3A%2F%2Fregistry.nlark.com%2F%40nodelib%2Ffs.stat%2Fdownload%2F%40nodelib%2Ffs.stat-2.0.5.tgz#5bd262af94e9d25bd1e71b05deed44876a222e8b"
    integrity sha1-W9Jir5Tp0lvR5xsF3u1Eh2oiLos=
  
  "@nodelib/fs.walk@^1.2.3":
    version "1.2.8"
    resolved "https://registry.nlark.com/@nodelib/fs.walk/download/@nodelib/fs.walk-1.2.8.tgz?cache=0&sync_timestamp=1625769815389&other_urls=https%3A%2F%2Fregistry.nlark.com%2F%40nodelib%2Ffs.walk%2Fdownload%2F%40nodelib%2Ffs.walk-1.2.8.tgz#e95737e8bb6746ddedf69c556953494f196fe69a"
    integrity sha1-6Vc36LtnRt3t9pxVaVNJTxlv5po=
    dependencies:
      "@nodelib/fs.scandir" "2.1.5"
      fastq "^1.6.0"
  
  "@types/debug@^4.1.5":
    version "4.1.7"
    resolved "https://registry.npmmirror.com/@types/debug/download/@types/debug-4.1.7.tgz#7cc0ea761509124709b8b2d1090d8f6c17aadb82"
    integrity sha1-fMDqdhUJEkcJuLLRCQ2PbBeq24I=
    dependencies:
      "@types/ms" "*"
  
  "@types/fs-extra@^9.0.1":
    version "9.0.13"
    resolved "https://registry.npmmirror.com/@types/fs-extra/download/@types/fs-extra-9.0.13.tgz#7594fbae04fe7f1918ce8b3d213f74ff44ac1f45"
    integrity sha1-dZT7rgT+fxkYzos9IT90/0SsH0U=
    dependencies:
      "@types/node" "*"
  
  "@types/hash-sum@^1.0.0":
    version "1.0.0"
    resolved "https://registry.npmmirror.com/@types/hash-sum/download/@types/hash-sum-1.0.0.tgz?cache=0&sync_timestamp=1637270750552&other_urls=https%3A%2F%2Fregistry.npmmirror.com%2F%40types%2Fhash-sum%2Fdownload%2F%40types%2Fhash-sum-1.0.0.tgz#838f4e8627887d42b162d05f3d96ca636c2bc504"
    integrity sha1-g49OhieIfUKxYtBfPZbKY2wrxQQ=
  
  "@types/ms@*":
    version "0.7.31"
    resolved "https://registry.npmmirror.com/@types/ms/download/@types/ms-0.7.31.tgz?cache=0&sync_timestamp=1637268338618&other_urls=https%3A%2F%2Fregistry.npmmirror.com%2F%40types%2Fms%2Fdownload%2F%40types%2Fms-0.7.31.tgz#31b7ca6407128a3d2bbc27fe2d21b345397f6197"
    integrity sha1-MbfKZAcSij0rvCf+LSGzRTl/YZc=
  
  "@types/node@*":
    version "17.0.2"
    resolved "https://registry.npmmirror.com/@types/node/download/@types/node-17.0.2.tgz#a4c07d47ff737e8ee7e586fe636ff0e1ddff070a"
    integrity sha512-JepeIUPFDARgIs0zD/SKPgFsJEAF0X5/qO80llx59gOxFTboS9Amv3S+QfB7lqBId5sFXJ99BN0J6zFRvL9dDA==
  
  "@vue/compiler-core@3.2.26":
    version "3.2.26"
    resolved "https://registry.npmmirror.com/@vue/compiler-core/download/@vue/compiler-core-3.2.26.tgz#9ab92ae624da51f7b6064f4679c2d4564f437cc8"
    integrity sha512-N5XNBobZbaASdzY9Lga2D9Lul5vdCIOXvUMd6ThcN8zgqQhPKfCV+wfAJNNJKQkSHudnYRO2gEB+lp0iN3g2Tw==
    dependencies:
      "@babel/parser" "^7.16.4"
      "@vue/shared" "3.2.26"
      estree-walker "^2.0.2"
      source-map "^0.6.1"
  
  "@vue/compiler-dom@3.2.26":
    version "3.2.26"
    resolved "https://registry.npmmirror.com/@vue/compiler-dom/download/@vue/compiler-dom-3.2.26.tgz#c7a7b55d50a7b7981dd44fc28211df1450482667"
    integrity sha512-smBfaOW6mQDxcT3p9TKT6mE22vjxjJL50GFVJiI0chXYGU/xzC05QRGrW3HHVuJrmLTLx5zBhsZ2dIATERbarg==
    dependencies:
      "@vue/compiler-core" "3.2.26"
      "@vue/shared" "3.2.26"
  
  "@vue/compiler-sfc@3.2.26":
    version "3.2.26"
    resolved "https://registry.npmmirror.com/@vue/compiler-sfc/download/@vue/compiler-sfc-3.2.26.tgz#3ce76677e4aa58311655a3bea9eb1cb804d2273f"
    integrity sha512-ePpnfktV90UcLdsDQUh2JdiTuhV0Skv2iYXxfNMOK/F3Q+2BO0AulcVcfoksOpTJGmhhfosWfMyEaEf0UaWpIw==
    dependencies:
      "@babel/parser" "^7.16.4"
      "@vue/compiler-core" "3.2.26"
      "@vue/compiler-dom" "3.2.26"
      "@vue/compiler-ssr" "3.2.26"
      "@vue/reactivity-transform" "3.2.26"
      "@vue/shared" "3.2.26"
      estree-walker "^2.0.2"
      magic-string "^0.25.7"
      postcss "^8.1.10"
      source-map "^0.6.1"
  
  "@vue/compiler-ssr@3.2.26":
    version "3.2.26"
    resolved "https://registry.npmmirror.com/@vue/compiler-ssr/download/@vue/compiler-ssr-3.2.26.tgz#fd049523341fbf4ab5e88e25eef566d862894ba7"
    integrity sha512-2mywLX0ODc4Zn8qBoA2PDCsLEZfpUGZcyoFRLSOjyGGK6wDy2/5kyDOWtf0S0UvtoyVq95OTSGIALjZ4k2q/ag==
    dependencies:
      "@vue/compiler-dom" "3.2.26"
      "@vue/shared" "3.2.26"
  
  "@vue/reactivity-transform@3.2.26":
    version "3.2.26"
    resolved "https://registry.npmmirror.com/@vue/reactivity-transform/download/@vue/reactivity-transform-3.2.26.tgz#6d8f20a4aa2d19728f25de99962addbe7c4d03e9"
    integrity sha512-XKMyuCmzNA7nvFlYhdKwD78rcnmPb7q46uoR00zkX6yZrUmcCQ5OikiwUEVbvNhL5hBJuvbSO95jB5zkUon+eQ==
    dependencies:
      "@babel/parser" "^7.16.4"
      "@vue/compiler-core" "3.2.26"
      "@vue/shared" "3.2.26"
      estree-walker "^2.0.2"
      magic-string "^0.25.7"
  
  "@vue/reactivity@3.2.26":
    version "3.2.26"
    resolved "https://registry.npmmirror.com/@vue/reactivity/download/@vue/reactivity-3.2.26.tgz#d529191e581521c3c12e29ef986d4c8a933a0f83"
    integrity sha512-h38bxCZLW6oFJVDlCcAiUKFnXI8xP8d+eO0pcDxx+7dQfSPje2AO6M9S9QO6MrxQB7fGP0DH0dYQ8ksf6hrXKQ==
    dependencies:
      "@vue/shared" "3.2.26"
  
  "@vue/runtime-core@3.2.26":
    version "3.2.26"
    resolved "https://registry.npmmirror.com/@vue/runtime-core/download/@vue/runtime-core-3.2.26.tgz#5c59cc440ed7a39b6dbd4c02e2d21c8d1988f0de"
    integrity sha512-BcYi7qZ9Nn+CJDJrHQ6Zsmxei2hDW0L6AB4vPvUQGBm2fZyC0GXd/4nVbyA2ubmuhctD5RbYY8L+5GUJszv9mQ==
    dependencies:
      "@vue/reactivity" "3.2.26"
      "@vue/shared" "3.2.26"
  
  "@vue/runtime-dom@3.2.26":
    version "3.2.26"
    resolved "https://registry.npmmirror.com/@vue/runtime-dom/download/@vue/runtime-dom-3.2.26.tgz#84d3ae2584488747717c2e072d5d9112c0d2e6c2"
    integrity sha512-dY56UIiZI+gjc4e8JQBwAifljyexfVCkIAu/WX8snh8vSOt/gMSEGwPRcl2UpYpBYeyExV8WCbgvwWRNt9cHhQ==
    dependencies:
      "@vue/runtime-core" "3.2.26"
      "@vue/shared" "3.2.26"
      csstype "^2.6.8"
  
  "@vue/server-renderer@3.2.26":
    version "3.2.26"
    resolved "https://registry.npmmirror.com/@vue/server-renderer/download/@vue/server-renderer-3.2.26.tgz#f16a4b9fbcc917417b4cea70c99afce2701341cf"
    integrity sha512-Jp5SggDUvvUYSBIvYEhy76t4nr1vapY/FIFloWmQzn7UxqaHrrBpbxrqPcTrSgGrcaglj0VBp22BKJNre4aA1w==
    dependencies:
      "@vue/compiler-ssr" "3.2.26"
      "@vue/shared" "3.2.26"
  
  "@vue/shared@3.2.26", "@vue/shared@^3.0.3":
    version "3.2.26"
    resolved "https://registry.npmmirror.com/@vue/shared/download/@vue/shared-3.2.26.tgz#7acd1621783571b9a82eca1f041b4a0a983481d9"
    integrity sha512-vPV6Cq+NIWbH5pZu+V+2QHE9y1qfuTq49uNWw4f7FDEeZaDU2H2cx5jcUZOAKW7qTrUS4k6qZPbMy1x4N96nbA==
  
  "@vuepress/client@^2.0.0-alpha.1":
    version "2.0.0-alpha.1"
    resolved "https://registry.npmmirror.com/@vuepress/client/download/@vuepress/client-2.0.0-alpha.1.tgz#ba6d22b205463364daf40695050a1b0c7bae5be6"
    integrity sha1-um0isgVGM2Ta9AaVBQobDHuuW+Y=
    dependencies:
      "@vuepress/shared" "2.0.0-alpha.1"
      vue "^3.0.0"
      vue-router "4.0.0-rc.5"
  
  "@vuepress/shared@2.0.0-alpha.1", "@vuepress/shared@^2.0.0-alpha.1":
    version "2.0.0-alpha.1"
    resolved "https://registry.npmmirror.com/@vuepress/shared/download/@vuepress/shared-2.0.0-alpha.1.tgz#92e4f95056351c22a07e62373753bad4d7142979"
    integrity sha1-kuT5UFY1HCKgfmI3N1O61NcUKXk=
    dependencies:
      "@vue/shared" "^3.0.3"
  
  "@vuepress/utils@^2.0.0-alpha.1":
    version "2.0.0-alpha.1"
    resolved "https://registry.npmmirror.com/@vuepress/utils/download/@vuepress/utils-2.0.0-alpha.1.tgz#e68f466408e70680d9ff8c561311d10a0a813b0a"
    integrity sha1-5o9GZAjnBoDZ/4xWExHRCgqBOwo=
    dependencies:
      "@types/debug" "^4.1.5"
      "@types/fs-extra" "^9.0.1"
      "@types/hash-sum" "^1.0.0"
      "@vuepress/shared" "2.0.0-alpha.1"
      chalk "^4.1.0"
      debug "^4.2.0"
      fs-extra "^9.0.1"
      globby "^11.0.1"
      hash-sum "^2.0.0"
      ora "^5.1.0"
      upath "^1.2.0"
  
  ansi-regex@^5.0.1:
    version "5.0.1"
    resolved "https://registry.nlark.com/ansi-regex/download/ansi-regex-5.0.1.tgz?cache=0&sync_timestamp=1631634988487&other_urls=https%3A%2F%2Fregistry.nlark.com%2Fansi-regex%2Fdownload%2Fansi-regex-5.0.1.tgz#082cb2c89c9fe8659a311a53bd6a4dc5301db304"
    integrity sha1-CCyyyJyf6GWaMRpTvWpNxTAdswQ=
  
  ansi-styles@^4.1.0:
    version "4.3.0"
    resolved "https://registry.nlark.com/ansi-styles/download/ansi-styles-4.3.0.tgz#edd803628ae71c04c85ae7a0906edad34b648937"
    integrity sha1-7dgDYornHATIWuegkG7a00tkiTc=
    dependencies:
      color-convert "^2.0.1"
  
  argparse@^2.0.1:
    version "2.0.1"
    resolved "https://registry.nlark.com/argparse/download/argparse-2.0.1.tgz#246f50f3ca78a3240f6c997e8a9bd1eac49e4b38"
    integrity sha1-JG9Q88p4oyQPbJl+ipvR6sSeSzg=
  
  array-union@^2.1.0:
    version "2.1.0"
    resolved "https://registry.npm.taobao.org/array-union/download/array-union-2.1.0.tgz#b798420adbeb1de828d84acd8a2e23d3efe85e8d"
    integrity sha1-t5hCCtvrHego2ErNii4j0+/oXo0=
  
  at-least-node@^1.0.0:
    version "1.0.0"
    resolved "https://registry.npm.taobao.org/at-least-node/download/at-least-node-1.0.0.tgz#602cd4b46e844ad4effc92a8011a3c46e0238dc2"
    integrity sha1-YCzUtG6EStTv/JKoARo8RuAjjcI=
  
  base64-js@^1.3.1:
    version "1.5.1"
    resolved "https://registry.nlark.com/base64-js/download/base64-js-1.5.1.tgz#1b1b440160a5bf7ad40b650f095963481903930a"
    integrity sha1-GxtEAWClv3rUC2UPCVljSBkDkwo=
  
  bl@^4.1.0:
    version "4.1.0"
    resolved "https://registry.nlark.com/bl/download/bl-4.1.0.tgz#451535264182bec2fbbc83a62ab98cf11d9f7b3a"
    integrity sha1-RRU1JkGCvsL7vIOmKrmM8R2fezo=
    dependencies:
      buffer "^5.5.0"
      inherits "^2.0.4"
      readable-stream "^3.4.0"
  
  braces@^3.0.1:
    version "3.0.2"
    resolved "https://registry.npm.taobao.org/braces/download/braces-3.0.2.tgz#3454e1a462ee8d599e236df336cd9ea4f8afe107"
    integrity sha1-NFThpGLujVmeI23zNs2epPiv4Qc=
    dependencies:
      fill-range "^7.0.1"
  
  buffer@^5.5.0:
    version "5.7.1"
    resolved "https://registry.npmmirror.com/buffer/download/buffer-5.7.1.tgz#ba62e7c13133053582197160851a8f648e99eed0"
    integrity sha512-EHcyIPBQ4BSGlvjB16k5KgAJ27CIsHY/2JBmCRReo48y9rQ3MaUzWX3KVlBa4U7MyX02HdVj0K7C3WaB3ju7FQ==
    dependencies:
      base64-js "^1.3.1"
      ieee754 "^1.1.13"
  
  chalk@^4.1.0:
    version "4.1.2"
    resolved "https://registry.npmmirror.com/chalk/download/chalk-4.1.2.tgz#aac4e2b7734a740867aeb16bf02aad556a1e7a01"
    integrity sha1-qsTit3NKdAhnrrFr8CqtVWoeegE=
    dependencies:
      ansi-styles "^4.1.0"
      supports-color "^7.1.0"
  
  cli-cursor@^3.1.0:
    version "3.1.0"
    resolved "https://registry.nlark.com/cli-cursor/download/cli-cursor-3.1.0.tgz?cache=0&sync_timestamp=1629747481175&other_urls=https%3A%2F%2Fregistry.nlark.com%2Fcli-cursor%2Fdownload%2Fcli-cursor-3.1.0.tgz#264305a7ae490d1d03bf0c9ba7c925d1753af307"
    integrity sha1-JkMFp65JDR0Dvwybp8kl0XU68wc=
    dependencies:
      restore-cursor "^3.1.0"
  
  cli-spinners@^2.5.0:
    version "2.6.1"
    resolved "https://registry.npmmirror.com/cli-spinners/download/cli-spinners-2.6.1.tgz?cache=0&sync_timestamp=1633109738033&other_urls=https%3A%2F%2Fregistry.npmmirror.com%2Fcli-spinners%2Fdownload%2Fcli-spinners-2.6.1.tgz#adc954ebe281c37a6319bfa401e6dd2488ffb70d"
    integrity sha1-rclU6+KBw3pjGb+kAebdJIj/tw0=
  
  clone@^1.0.2:
    version "1.0.4"
    resolved "https://registry.nlark.com/clone/download/clone-1.0.4.tgz#da309cc263df15994c688ca902179ca3c7cd7c7e"
    integrity sha1-2jCcwmPfFZlMaIypAheco8fNfH4=
  
  color-convert@^2.0.1:
    version "2.0.1"
    resolved "https://registry.npmmirror.com/color-convert/download/color-convert-2.0.1.tgz#72d3a68d598c9bdb3af2ad1e84f21d896abd4de3"
    integrity sha1-ctOmjVmMm9s68q0ehPIdiWq9TeM=
    dependencies:
      color-name "~1.1.4"
  
  color-name@~1.1.4:
    version "1.1.4"
    resolved "https://registry.npm.taobao.org/color-name/download/color-name-1.1.4.tgz#c2a09a87acbde69543de6f63fa3995c826c536a2"
    integrity sha1-wqCah6y95pVD3m9j+jmVyCbFNqI=
  
  commander@2:
    version "2.20.3"
    resolved "https://registry.npmmirror.com/commander/download/commander-2.20.3.tgz#fd485e84c03eb4881c20722ba48035e8531aeb33"
    integrity sha512-GpVkmM8vF2vQUkj2LvZmD35JxeJOLCwJ9cUkugyk2nuhbv3+mJvpLYYt+0+USMxE+oj+ey/lJEnhZw75x/OMcQ==
  
  commander@7:
    version "7.2.0"
    resolved "https://registry.npmmirror.com/commander/download/commander-7.2.0.tgz#a36cb57d0b501ce108e4d20559a150a391d97ab7"
    integrity sha512-QrWXB+ZQSVPmIWIhtEO9H+gwHaMGYiF5ChvoJ+K9ZGHG/sVsa6yiesAD1GC/x46sET00Xlwo1u49RVVVzvcSkw==
  
  csstype@^2.6.8:
    version "2.6.19"
    resolved "https://registry.npmmirror.com/csstype/download/csstype-2.6.19.tgz?cache=0&sync_timestamp=1637224514674&other_urls=https%3A%2F%2Fregistry.npmmirror.com%2Fcsstype%2Fdownload%2Fcsstype-2.6.19.tgz#feeb5aae89020bb389e1f63669a5ed490e391caa"
    integrity sha512-ZVxXaNy28/k3kJg0Fou5MiYpp88j7H9hLZp8PDC3jV0WFjfH5E9xHb56L0W59cPbKbcHXeP4qyT8PrHp8t6LcQ==
  
  d3-array@1, d3-array@^1.1.1, d3-array@^1.2.0:
    version "1.2.4"
    resolved "https://registry.npmmirror.com/d3-array/download/d3-array-1.2.4.tgz?cache=0&sync_timestamp=1633230927924&other_urls=https%3A%2F%2Fregistry.npmmirror.com%2Fd3-array%2Fdownload%2Fd3-array-1.2.4.tgz#635ce4d5eea759f6f605863dbcfc30edc737f71f"
    integrity sha1-Y1zk1e6nWfb2BYY9vPww7cc39x8=
  
  "d3-array@2 - 3", "d3-array@2.10.0 - 3", "d3-array@2.5.0 - 3", d3-array@3:
    version "3.1.1"
    resolved "https://registry.npmmirror.com/d3-array/download/d3-array-3.1.1.tgz?cache=0&sync_timestamp=1633230927924&other_urls=https%3A%2F%2Fregistry.npmmirror.com%2Fd3-array%2Fdownload%2Fd3-array-3.1.1.tgz#7797eb53ead6b9083c75a45a681e93fc41bc468c"
    integrity sha1-d5frU+rWuQg8daRaaB6T/EG8Row=
    dependencies:
      internmap "1 - 2"
  
  d3-axis@1:
    version "1.0.12"
    resolved "https://registry.nlark.com/d3-axis/download/d3-axis-1.0.12.tgz?cache=0&sync_timestamp=1623209647606&other_urls=https%3A%2F%2Fregistry.nlark.com%2Fd3-axis%2Fdownload%2Fd3-axis-1.0.12.tgz#cdf20ba210cfbb43795af33756886fb3638daac9"
    integrity sha1-zfILohDPu0N5WvM3Vohvs2ONqsk=
  
  d3-axis@3:
    version "3.0.0"
    resolved "https://registry.nlark.com/d3-axis/download/d3-axis-3.0.0.tgz?cache=0&sync_timestamp=1623209647606&other_urls=https%3A%2F%2Fregistry.nlark.com%2Fd3-axis%2Fdownload%2Fd3-axis-3.0.0.tgz#c42a4a13e8131d637b745fc2973824cfeaf93322"
    integrity sha1-xCpKE+gTHWN7dF/Clzgkz+r5MyI=
  
  d3-brush@1:
    version "1.1.6"
    resolved "https://registry.nlark.com/d3-brush/download/d3-brush-1.1.6.tgz#b0a22c7372cabec128bdddf9bddc058592f89e9b"
    integrity sha1-sKIsc3LKvsEovd35vdwFhZL4nps=
    dependencies:
      d3-dispatch "1"
      d3-drag "1"
      d3-interpolate "1"
      d3-selection "1"
      d3-transition "1"
  
  d3-brush@3:
    version "3.0.0"
    resolved "https://registry.nlark.com/d3-brush/download/d3-brush-3.0.0.tgz#6f767c4ed8dcb79de7ede3e1c0f89e63ef64d31c"
    integrity sha1-b3Z8Ttjct53n7ePhwPieY+9k0xw=
    dependencies:
      d3-dispatch "1 - 3"
      d3-drag "2 - 3"
      d3-interpolate "1 - 3"
      d3-selection "3"
      d3-transition "3"
  
  d3-chord@1:
    version "1.0.6"
    resolved "https://registry.nlark.com/d3-chord/download/d3-chord-1.0.6.tgz#309157e3f2db2c752f0280fedd35f2067ccbb15f"
    integrity sha1-MJFX4/LbLHUvAoD+3TXyBnzLsV8=
    dependencies:
      d3-array "1"
      d3-path "1"
  
  d3-chord@3:
    version "3.0.1"
    resolved "https://registry.nlark.com/d3-chord/download/d3-chord-3.0.1.tgz#d156d61f485fce8327e6abf339cb41d8cbba6966"
    integrity sha1-0VbWH0hfzoMn5qvzOctB2Mu6aWY=
    dependencies:
      d3-path "1 - 3"
  
  d3-collection@1:
    version "1.0.7"
    resolved "https://registry.npm.taobao.org/d3-collection/download/d3-collection-1.0.7.tgz#349bd2aa9977db071091c13144d5e4f16b5b310e"
    integrity sha1-NJvSqpl32wcQkcExRNXk8WtbMQ4=
  
  d3-color@1:
    version "1.4.1"
    resolved "https://registry.nlark.com/d3-color/download/d3-color-1.4.1.tgz#c52002bf8846ada4424d55d97982fef26eb3bc8a"
    integrity sha1-xSACv4hGraRCTVXZeYL+8m6zvIo=
  
  "d3-color@1 - 3", d3-color@3:
    version "3.0.1"
    resolved "https://registry.nlark.com/d3-color/download/d3-color-3.0.1.tgz#03316e595955d1fcd39d9f3610ad41bb90194d0a"
    integrity sha1-AzFuWVlV0fzTnZ82EK1Bu5AZTQo=
  
  d3-contour@1:
    version "1.3.2"
    resolved "https://registry.nlark.com/d3-contour/download/d3-contour-1.3.2.tgz#652aacd500d2264cb3423cee10db69f6f59bead3"
    integrity sha1-ZSqs1QDSJkyzQjzuENtp9vWb6tM=
    dependencies:
      d3-array "^1.1.1"
  
  d3-contour@3:
    version "3.0.1"
    resolved "https://registry.nlark.com/d3-contour/download/d3-contour-3.0.1.tgz#2c64255d43059599cd0dba8fe4cc3d51ccdd9bbd"
    integrity sha1-LGQlXUMFlZnNDbqP5Mw9Uczdm70=
    dependencies:
      d3-array "2 - 3"
  
  d3-delaunay@6:
    version "6.0.2"
    resolved "https://registry.nlark.com/d3-delaunay/download/d3-delaunay-6.0.2.tgz#7fd3717ad0eade2fc9939f4260acfb503f984e92"
    integrity sha1-f9NxetDq3i/Jk59CYKz7UD+YTpI=
    dependencies:
      delaunator "5"
  
  d3-dispatch@1:
    version "1.0.6"
    resolved "https://registry.nlark.com/d3-dispatch/download/d3-dispatch-1.0.6.tgz?cache=0&sync_timestamp=1622918261265&other_urls=https%3A%2F%2Fregistry.nlark.com%2Fd3-dispatch%2Fdownload%2Fd3-dispatch-1.0.6.tgz#00d37bcee4dd8cd97729dd893a0ac29caaba5d58"
    integrity sha1-ANN7zuTdjNl3Kd2JOgrCnKq6XVg=
  
  "d3-dispatch@1 - 3", d3-dispatch@3:
    version "3.0.1"
    resolved "https://registry.nlark.com/d3-dispatch/download/d3-dispatch-3.0.1.tgz?cache=0&sync_timestamp=1622918261265&other_urls=https%3A%2F%2Fregistry.nlark.com%2Fd3-dispatch%2Fdownload%2Fd3-dispatch-3.0.1.tgz#5fc75284e9c2375c36c839411a0cf550cbfc4d5e"
    integrity sha1-X8dShOnCN1w2yDlBGgz1UMv8TV4=
  
  d3-drag@1:
    version "1.2.5"
    resolved "https://registry.nlark.com/d3-drag/download/d3-drag-1.2.5.tgz#2537f451acd39d31406677b7dc77c82f7d988f70"
    integrity sha1-JTf0UazTnTFAZne33HfIL32Yj3A=
    dependencies:
      d3-dispatch "1"
      d3-selection "1"
  
  "d3-drag@2 - 3", d3-drag@3:
    version "3.0.0"
    resolved "https://registry.nlark.com/d3-drag/download/d3-drag-3.0.0.tgz#994aae9cd23c719f53b5e10e3a0a6108c69607ba"
    integrity sha1-mUqunNI8cZ9TteEOOgphCMaWB7o=
    dependencies:
      d3-dispatch "1 - 3"
      d3-selection "3"
  
  d3-dsv@1:
    version "1.2.0"
    resolved "https://registry.nlark.com/d3-dsv/download/d3-dsv-1.2.0.tgz#9d5f75c3a5f8abd611f74d3f5847b0d4338b885c"
    integrity sha1-nV91w6X4q9YR900/WEew1DOLiFw=
    dependencies:
      commander "2"
      iconv-lite "0.4"
      rw "1"
  
  "d3-dsv@1 - 3", d3-dsv@3:
    version "3.0.1"
    resolved "https://registry.nlark.com/d3-dsv/download/d3-dsv-3.0.1.tgz#c63af978f4d6a0d084a52a673922be2160789b73"
    integrity sha1-xjr5ePTWoNCEpSpnOSK+IWB4m3M=
    dependencies:
      commander "7"
      iconv-lite "0.6"
      rw "1"
  
  d3-ease@1:
    version "1.0.7"
    resolved "https://registry.nlark.com/d3-ease/download/d3-ease-1.0.7.tgz#9a834890ef8b8ae8c558b2fe55bd57f5993b85e2"
    integrity sha1-moNIkO+LiujFWLL+Vb1X9Zk7heI=
  
  "d3-ease@1 - 3", d3-ease@3:
    version "3.0.1"
    resolved "https://registry.nlark.com/d3-ease/download/d3-ease-3.0.1.tgz#9658ac38a2140d59d346160f1f6c30fda0bd12f4"
    integrity sha1-llisOKIUDVnTRhYPH2ww/aC9EvQ=
  
  d3-fetch@1:
    version "1.2.0"
    resolved "https://registry.nlark.com/d3-fetch/download/d3-fetch-1.2.0.tgz#15ce2ecfc41b092b1db50abd2c552c2316cf7fc7"
    integrity sha1-Fc4uz8QbCSsdtQq9LFUsIxbPf8c=
    dependencies:
      d3-dsv "1"
  
  d3-fetch@3:
    version "3.0.1"
    resolved "https://registry.nlark.com/d3-fetch/download/d3-fetch-3.0.1.tgz#83141bff9856a0edb5e38de89cdcfe63d0a60a22"
    integrity sha1-gxQb/5hWoO21443onNz+Y9CmCiI=
    dependencies:
      d3-dsv "1 - 3"
  
  d3-force@1:
    version "1.2.1"
    resolved "https://registry.nlark.com/d3-force/download/d3-force-1.2.1.tgz#fd29a5d1ff181c9e7f0669e4bd72bdb0e914ec0b"
    integrity sha1-/Sml0f8YHJ5/BmnkvXK9sOkU7As=
    dependencies:
      d3-collection "1"
      d3-dispatch "1"
      d3-quadtree "1"
      d3-timer "1"
  
  d3-force@3:
    version "3.0.0"
    resolved "https://registry.nlark.com/d3-force/download/d3-force-3.0.0.tgz#3e2ba1a61e70888fe3d9194e30d6d14eece155c4"
    integrity sha1-Piuhph5wiI/j2RlOMNbRTuzhVcQ=
    dependencies:
      d3-dispatch "1 - 3"
      d3-quadtree "1 - 3"
      d3-timer "1 - 3"
  
  d3-format@1:
    version "1.4.5"
    resolved "https://registry.npmmirror.com/d3-format/download/d3-format-1.4.5.tgz#374f2ba1320e3717eb74a9356c67daee17a7edb4"
    integrity sha1-N08roTIONxfrdKk1bGfa7hen7bQ=
  
  "d3-format@1 - 3", d3-format@3:
    version "3.1.0"
    resolved "https://registry.npmmirror.com/d3-format/download/d3-format-3.1.0.tgz#9260e23a28ea5cb109e93b21a06e24e2ebd55641"
    integrity sha512-YyUI6AEuY/Wpt8KWLgZHsIU86atmikuoOmCfommt0LYHiQSPjvX2AcFc38PX0CBpr2RCyZhjex+NS/LPOv6YqA==
  
  d3-geo@1:
    version "1.12.1"
    resolved "https://registry.nlark.com/d3-geo/download/d3-geo-1.12.1.tgz#7fc2ab7414b72e59fbcbd603e80d9adc029b035f"
    integrity sha1-f8KrdBS3Lln7y9YD6A2a3AKbA18=
    dependencies:
      d3-array "1"
  
  d3-geo@3:
    version "3.0.1"
    resolved "https://registry.nlark.com/d3-geo/download/d3-geo-3.0.1.tgz#4f92362fd8685d93e3b1fae0fd97dc8980b1ed7e"
    integrity sha1-T5I2L9hoXZPjsfrg/ZfciYCx7X4=
    dependencies:
      d3-array "2.5.0 - 3"
  
  d3-hierarchy@1:
    version "1.1.9"
    resolved "https://registry.npmmirror.com/d3-hierarchy/download/d3-hierarchy-1.1.9.tgz#2f6bee24caaea43f8dc37545fa01628559647a83"
    integrity sha1-L2vuJMqupD+Nw3VF+gFihVlkeoM=
  
  d3-hierarchy@3:
    version "3.1.1"
    resolved "https://registry.npmmirror.com/d3-hierarchy/download/d3-hierarchy-3.1.1.tgz#9cbb0ffd2375137a351e6cfeed344a06d4ff4597"
    integrity sha512-LtAIu54UctRmhGKllleflmHalttH3zkfSi4NlKrTAoFKjC+AFBJohsCAdgCBYQwH0F8hIOGY89X1pPqAchlMkA==
  
  d3-interpolate@1:
    version "1.4.0"
    resolved "https://registry.nlark.com/d3-interpolate/download/d3-interpolate-1.4.0.tgz#526e79e2d80daa383f9e0c1c1c7dcc0f0583e987"
    integrity sha1-Um554tgNqjg/ngwcHH3MDwWD6Yc=
    dependencies:
      d3-color "1"
  
  "d3-interpolate@1 - 3", "d3-interpolate@1.2.0 - 3", d3-interpolate@3:
    version "3.0.1"
    resolved "https://registry.nlark.com/d3-interpolate/download/d3-interpolate-3.0.1.tgz#3c47aa5b32c5b3dfb56ef3fd4342078a632b400d"
    integrity sha1-PEeqWzLFs9+1bvP9Q0IHimMrQA0=
    dependencies:
      d3-color "1 - 3"
  
  d3-path@1:
    version "1.0.9"
    resolved "https://registry.nlark.com/d3-path/download/d3-path-1.0.9.tgz?cache=0&sync_timestamp=1622917833000&other_urls=https%3A%2F%2Fregistry.nlark.com%2Fd3-path%2Fdownload%2Fd3-path-1.0.9.tgz#48c050bb1fe8c262493a8caf5524e3e9591701cf"
    integrity sha1-SMBQux/owmJJOoyvVSTj6VkXAc8=
  
  "d3-path@1 - 3", d3-path@3:
    version "3.0.1"
    resolved "https://registry.nlark.com/d3-path/download/d3-path-3.0.1.tgz?cache=0&sync_timestamp=1622917833000&other_urls=https%3A%2F%2Fregistry.nlark.com%2Fd3-path%2Fdownload%2Fd3-path-3.0.1.tgz#f09dec0aaffd770b7995f1a399152bf93052321e"
    integrity sha1-8J3sCq/9dwt5lfGjmRUr+TBSMh4=
  
  d3-polygon@1:
    version "1.0.6"
    resolved "https://registry.nlark.com/d3-polygon/download/d3-polygon-1.0.6.tgz#0bf8cb8180a6dc107f518ddf7975e12abbfbd38e"
    integrity sha1-C/jLgYCm3BB/UY3feXXhKrv7044=
  
  d3-polygon@3:
    version "3.0.1"
    resolved "https://registry.nlark.com/d3-polygon/download/d3-polygon-3.0.1.tgz#0b45d3dd1c48a29c8e057e6135693ec80bf16398"
    integrity sha1-C0XT3RxIopyOBX5hNWk+yAvxY5g=
  
  d3-quadtree@1:
    version "1.0.7"
    resolved "https://registry.nlark.com/d3-quadtree/download/d3-quadtree-1.0.7.tgz#ca8b84df7bb53763fe3c2f24bd435137f4e53135"
    integrity sha1-youE33u1N2P+PC8kvUNRN/TlMTU=
  
  "d3-quadtree@1 - 3", d3-quadtree@3:
    version "3.0.1"
    resolved "https://registry.nlark.com/d3-quadtree/download/d3-quadtree-3.0.1.tgz#6dca3e8be2b393c9a9d514dabbd80a92deef1a4f"
    integrity sha1-bco+i+Kzk8mp1RTau9gKkt7vGk8=
  
  d3-random@1:
    version "1.1.2"
    resolved "https://registry.nlark.com/d3-random/download/d3-random-1.1.2.tgz#2833be7c124360bf9e2d3fd4f33847cfe6cab291"
    integrity sha1-KDO+fBJDYL+eLT/U8zhHz+bKspE=
  
  d3-random@3:
    version "3.0.1"
    resolved "https://registry.nlark.com/d3-random/download/d3-random-3.0.1.tgz#d4926378d333d9c0bfd1e6fa0194d30aebaa20f4"
    integrity sha1-1JJjeNMz2cC/0eb6AZTTCuuqIPQ=
  
  d3-scale-chromatic@1:
    version "1.5.0"
    resolved "https://registry.nlark.com/d3-scale-chromatic/download/d3-scale-chromatic-1.5.0.tgz#54e333fc78212f439b14641fb55801dd81135a98"
    integrity sha1-VOMz/HghL0ObFGQftVgB3YETWpg=
    dependencies:
      d3-color "1"
      d3-interpolate "1"
  
  d3-scale-chromatic@3:
    version "3.0.0"
    resolved "https://registry.nlark.com/d3-scale-chromatic/download/d3-scale-chromatic-3.0.0.tgz#15b4ceb8ca2bb0dcb6d1a641ee03d59c3b62376a"
    integrity sha1-FbTOuMorsNy20aZB7gPVnDtiN2o=
    dependencies:
      d3-color "1 - 3"
      d3-interpolate "1 - 3"
  
  d3-scale@2:
    version "2.2.2"
    resolved "https://registry.npmmirror.com/d3-scale/download/d3-scale-2.2.2.tgz#4e880e0b2745acaaddd3ede26a9e908a9e17b81f"
    integrity sha1-TogOCydFrKrd0+3iap6Qip4XuB8=
    dependencies:
      d3-array "^1.2.0"
      d3-collection "1"
      d3-format "1"
      d3-interpolate "1"
      d3-time "1"
      d3-time-format "2"
  
  d3-scale@4:
    version "4.0.2"
    resolved "https://registry.npmmirror.com/d3-scale/download/d3-scale-4.0.2.tgz#82b38e8e8ff7080764f8dcec77bd4be393689396"
    integrity sha1-grOOjo/3CAdk+Nzsd71L45Nok5Y=
    dependencies:
      d3-array "2.10.0 - 3"
      d3-format "1 - 3"
      d3-interpolate "1.2.0 - 3"
      d3-time "2.1.1 - 3"
      d3-time-format "2 - 4"
  
  d3-selection@1, d3-selection@^1.1.0:
    version "1.4.2"
    resolved "https://registry.nlark.com/d3-selection/download/d3-selection-1.4.2.tgz#dcaa49522c0dbf32d6c1858afc26b6094555bc5c"
    integrity sha1-3KpJUiwNvzLWwYWK/Ca2CUVVvFw=
  
  "d3-selection@2 - 3", d3-selection@3:
    version "3.0.0"
    resolved "https://registry.nlark.com/d3-selection/download/d3-selection-3.0.0.tgz#c25338207efa72cc5b9bd1458a1a41901f1e1b31"
    integrity sha1-wlM4IH76csxbm9FFihpBkB8eGzE=
  
  d3-shape@1:
    version "1.3.7"
    resolved "https://registry.nlark.com/d3-shape/download/d3-shape-1.3.7.tgz?cache=0&sync_timestamp=1622917833478&other_urls=https%3A%2F%2Fregistry.nlark.com%2Fd3-shape%2Fdownload%2Fd3-shape-1.3.7.tgz#df63801be07bc986bc54f63789b4fe502992b5d7"
    integrity sha1-32OAG+B7yYa8VPY3ibT+UCmStdc=
    dependencies:
      d3-path "1"
  
  d3-shape@3:
    version "3.0.1"
    resolved "https://registry.nlark.com/d3-shape/download/d3-shape-3.0.1.tgz?cache=0&sync_timestamp=1622917833478&other_urls=https%3A%2F%2Fregistry.nlark.com%2Fd3-shape%2Fdownload%2Fd3-shape-3.0.1.tgz#9ccdfb28fd9b0d12f2d8aec234cd5c4a9ea27931"
    integrity sha1-nM37KP2bDRLy2K7CNM1cSp6ieTE=
    dependencies:
      d3-path "1 - 3"
  
  d3-time-format@2:
    version "2.3.0"
    resolved "https://registry.npmmirror.com/d3-time-format/download/d3-time-format-2.3.0.tgz#107bdc028667788a8924ba040faf1fbccd5a7850"
    integrity sha1-EHvcAoZneIqJJLoED68fvM1aeFA=
    dependencies:
      d3-time "1"
  
  "d3-time-format@2 - 4", d3-time-format@4:
    version "4.1.0"
    resolved "https://registry.npmmirror.com/d3-time-format/download/d3-time-format-4.1.0.tgz#7ab5257a5041d11ecb4fe70a5c7d16a195bb408a"
    integrity sha512-dJxPBlzC7NugB2PDLwo9Q8JiTR3M3e4/XANkreKSUxF8vvXKqm1Yfq4Q5dl8budlunRVlUUaDUgFt7eA8D6NLg==
    dependencies:
      d3-time "1 - 3"
  
  d3-time@1:
    version "1.1.0"
    resolved "https://registry.nlark.com/d3-time/download/d3-time-1.1.0.tgz?cache=0&sync_timestamp=1622916838153&other_urls=https%3A%2F%2Fregistry.nlark.com%2Fd3-time%2Fdownload%2Fd3-time-1.1.0.tgz#b1e19d307dae9c900b7e5b25ffc5dcc249a8a0f1"
    integrity sha1-seGdMH2unJALflsl/8XcwkmooPE=
  
  "d3-time@1 - 3", "d3-time@2.1.1 - 3", d3-time@3:
    version "3.0.0"
    resolved "https://registry.nlark.com/d3-time/download/d3-time-3.0.0.tgz?cache=0&sync_timestamp=1622916838153&other_urls=https%3A%2F%2Fregistry.nlark.com%2Fd3-time%2Fdownload%2Fd3-time-3.0.0.tgz#65972cb98ae2d4954ef5c932e8704061335d4975"
    integrity sha1-ZZcsuYri1JVO9cky6HBAYTNdSXU=
    dependencies:
      d3-array "2 - 3"
  
  d3-timer@1:
    version "1.0.10"
    resolved "https://registry.nlark.com/d3-timer/download/d3-timer-1.0.10.tgz#dfe76b8a91748831b13b6d9c793ffbd508dd9de5"
    integrity sha1-3+dripF0iDGxO22ceT/71QjdneU=
  
  "d3-timer@1 - 3", d3-timer@3:
    version "3.0.1"
    resolved "https://registry.nlark.com/d3-timer/download/d3-timer-3.0.1.tgz#6284d2a2708285b1abb7e201eda4380af35e63b0"
    integrity sha1-YoTSonCChbGrt+IB7aQ4CvNeY7A=
  
  d3-transition@1:
    version "1.3.2"
    resolved "https://registry.nlark.com/d3-transition/download/d3-transition-1.3.2.tgz#a98ef2151be8d8600543434c1ca80140ae23b398"
    integrity sha1-qY7yFRvo2GAFQ0NMHKgBQK4js5g=
    dependencies:
      d3-color "1"
      d3-dispatch "1"
      d3-ease "1"
      d3-interpolate "1"
      d3-selection "^1.1.0"
      d3-timer "1"
  
  "d3-transition@2 - 3", d3-transition@3:
    version "3.0.1"
    resolved "https://registry.nlark.com/d3-transition/download/d3-transition-3.0.1.tgz#6869fdde1448868077fdd5989200cb61b2a1645f"
    integrity sha1-aGn93hRIhoB3/dWYkgDLYbKhZF8=
    dependencies:
      d3-color "1 - 3"
      d3-dispatch "1 - 3"
      d3-ease "1 - 3"
      d3-interpolate "1 - 3"
      d3-timer "1 - 3"
  
  d3-voronoi@1:
    version "1.1.4"
    resolved "https://registry.npm.taobao.org/d3-voronoi/download/d3-voronoi-1.1.4.tgz#dd3c78d7653d2bb359284ae478645d95944c8297"
    integrity sha1-3Tx412U9K7NZKErkeGRdlZRMgpc=
  
  d3-zoom@1:
    version "1.8.3"
    resolved "https://registry.nlark.com/d3-zoom/download/d3-zoom-1.8.3.tgz#b6a3dbe738c7763121cd05b8a7795ffe17f4fc0a"
    integrity sha1-tqPb5zjHdjEhzQW4p3lf/hf0/Ao=
    dependencies:
      d3-dispatch "1"
      d3-drag "1"
      d3-interpolate "1"
      d3-selection "1"
      d3-transition "1"
  
  d3-zoom@3:
    version "3.0.0"
    resolved "https://registry.nlark.com/d3-zoom/download/d3-zoom-3.0.0.tgz#d13f4165c73217ffeaa54295cd6969b3e7aee8f3"
    integrity sha1-0T9BZccyF//qpUKVzWlps+eu6PM=
    dependencies:
      d3-dispatch "1 - 3"
      d3-drag "2 - 3"
      d3-interpolate "1 - 3"
      d3-selection "2 - 3"
      d3-transition "2 - 3"
  
  d3@^5.14:
    version "5.16.0"
    resolved "https://registry.npmmirror.com/d3/download/d3-5.16.0.tgz#9c5e8d3b56403c79d4ed42fbd62f6113f199c877"
    integrity sha1-nF6NO1ZAPHnU7UL71i9hE/GZyHc=
    dependencies:
      d3-array "1"
      d3-axis "1"
      d3-brush "1"
      d3-chord "1"
      d3-collection "1"
      d3-color "1"
      d3-contour "1"
      d3-dispatch "1"
      d3-drag "1"
      d3-dsv "1"
      d3-ease "1"
      d3-fetch "1"
      d3-force "1"
      d3-format "1"
      d3-geo "1"
      d3-hierarchy "1"
      d3-interpolate "1"
      d3-path "1"
      d3-polygon "1"
      d3-quadtree "1"
      d3-random "1"
      d3-scale "2"
      d3-scale-chromatic "1"
      d3-selection "1"
      d3-shape "1"
      d3-time "1"
      d3-time-format "2"
      d3-timer "1"
      d3-transition "1"
      d3-voronoi "1"
      d3-zoom "1"
  
  d3@^7.0.0:
    version "7.2.1"
    resolved "https://registry.npmmirror.com/d3/download/d3-7.2.1.tgz#97eafaa6fc8cd7c564c3ace1e6678cbecf63f3ea"
    integrity sha512-E/5sP0aeK6YPXI/+4QlefvBFgmcyR2jYftId0PrYWv4Y/gW3c3thp1XG4rQzF0eUwV9tR1x05X5eWuJ6rQXvew==
    dependencies:
      d3-array "3"
      d3-axis "3"
      d3-brush "3"
      d3-chord "3"
      d3-color "3"
      d3-contour "3"
      d3-delaunay "6"
      d3-dispatch "3"
      d3-drag "3"
      d3-dsv "3"
      d3-ease "3"
      d3-fetch "3"
      d3-force "3"
      d3-format "3"
      d3-geo "3"
      d3-hierarchy "3"
      d3-interpolate "3"
      d3-path "3"
      d3-polygon "3"
      d3-quadtree "3"
      d3-random "3"
      d3-scale "4"
      d3-scale-chromatic "3"
      d3-selection "3"
      d3-shape "3"
      d3-time "3"
      d3-time-format "4"
      d3-timer "3"
      d3-transition "3"
      d3-zoom "3"
  
  dagre-d3@^0.6.4:
    version "0.6.4"
    resolved "https://registry.npm.taobao.org/dagre-d3/download/dagre-d3-0.6.4.tgz#0728d5ce7f177ca2337df141ceb60fbe6eeb7b29"
    integrity sha1-ByjVzn8XfKIzffFBzrYPvm7reyk=
    dependencies:
      d3 "^5.14"
      dagre "^0.8.5"
      graphlib "^2.1.8"
      lodash "^4.17.15"
  
  dagre@^0.8.5:
    version "0.8.5"
    resolved "https://registry.nlark.com/dagre/download/dagre-0.8.5.tgz#ba30b0055dac12b6c1fcc247817442777d06afee"
    integrity sha1-ujCwBV2sErbB/MJHgXRCd30Gr+4=
    dependencies:
      graphlib "^2.1.8"
      lodash "^4.17.15"
  
  debug@^4.2.0:
    version "4.3.3"
    resolved "https://registry.npmmirror.com/debug/download/debug-4.3.3.tgz#04266e0b70a98d4462e6e288e38259213332b664"
    integrity sha512-/zxw5+vh1Tfv+4Qn7a5nsbcJKPaSvCDhojn6FEl9vupwK2VCSDtEiEtqr8DFtzYFOdz63LBkxec7DYuc2jon6Q==
    dependencies:
      ms "2.1.2"
  
  defaults@^1.0.3:
    version "1.0.3"
    resolved "https://registry.npm.taobao.org/defaults/download/defaults-1.0.3.tgz#c656051e9817d9ff08ed881477f3fe4019f3ef7d"
    integrity sha1-xlYFHpgX2f8I7YgUd/P+QBnz730=
    dependencies:
      clone "^1.0.2"
  
  delaunator@5:
    version "5.0.0"
    resolved "https://registry.npm.taobao.org/delaunator/download/delaunator-5.0.0.tgz#60f052b28bd91c9b4566850ebf7756efe821d81b"
    integrity sha1-YPBSsovZHJtFZoUOv3dW7+gh2Bs=
    dependencies:
      robust-predicates "^3.0.0"
  
  dir-glob@^3.0.1:
    version "3.0.1"
    resolved "https://registry.nlark.com/dir-glob/download/dir-glob-3.0.1.tgz#56dbf73d992a4a93ba1584f4534063fd2e41717f"
    integrity sha1-Vtv3PZkqSpO6FYT0U0Bj/S5BcX8=
    dependencies:
      path-type "^4.0.0"
  
  dompurify@2.3.4:
    version "2.3.4"
    resolved "https://registry.npmmirror.com/dompurify/download/dompurify-2.3.4.tgz#1cf5cf0105ccb4debdf6db162525bd41e6ddacc6"
    integrity sha512-6BVcgOAVFXjI0JTjEvZy901Rghm+7fDQOrNIcxB4+gdhj6Kwp6T9VBhBY/AbagKHJocRkDYGd6wvI+p4/10xtQ==
  
  entities@~2.1.0:
    version "2.1.0"
    resolved "https://registry.nlark.com/entities/download/entities-2.1.0.tgz?cache=0&sync_timestamp=1628508189267&other_urls=https%3A%2F%2Fregistry.nlark.com%2Fentities%2Fdownload%2Fentities-2.1.0.tgz#992d3129cf7df6870b96c57858c249a120f8b8b5"
    integrity sha1-mS0xKc999ocLlsV4WMJJoSD4uLU=
  
  estree-walker@^2.0.2:
    version "2.0.2"
    resolved "https://registry.npmmirror.com/estree-walker/download/estree-walker-2.0.2.tgz#52f010178c2a4c117a7757cfe942adb7d2da4cac"
    integrity sha1-UvAQF4wqTBF6d1fP6UKtt9LaTKw=
  
  fast-glob@^3.1.1:
    version "3.2.7"
    resolved "https://registry.npmmirror.com/fast-glob/download/fast-glob-3.2.7.tgz#fd6cb7a2d7e9aa7a7846111e85a196d6b2f766a1"
    integrity sha1-/Wy3otfpqnp4RhEehaGW1rL3ZqE=
    dependencies:
      "@nodelib/fs.stat" "^2.0.2"
      "@nodelib/fs.walk" "^1.2.3"
      glob-parent "^5.1.2"
      merge2 "^1.3.0"
      micromatch "^4.0.4"
  
  fastq@^1.6.0:
    version "1.13.0"
    resolved "https://registry.nlark.com/fastq/download/fastq-1.13.0.tgz#616760f88a7526bdfc596b7cab8c18938c36b98c"
    integrity sha1-YWdg+Ip1Jr38WWt8q4wYk4w2uYw=
    dependencies:
      reusify "^1.0.4"
  
  fill-range@^7.0.1:
    version "7.0.1"
    resolved "https://registry.nlark.com/fill-range/download/fill-range-7.0.1.tgz#1919a6a7c75fe38b2c7c77e5198535da9acdda40"
    integrity sha1-GRmmp8df44ssfHflGYU12prN2kA=
    dependencies:
      to-regex-range "^5.0.1"
  
  fs-extra@^9.0.1:
    version "9.1.0"
    resolved "https://registry.nlark.com/fs-extra/download/fs-extra-9.1.0.tgz#5954460c764a8da2094ba3554bf839e6b9a7c86d"
    integrity sha1-WVRGDHZKjaIJS6NVS/g55rmnyG0=
    dependencies:
      at-least-node "^1.0.0"
      graceful-fs "^4.2.0"
      jsonfile "^6.0.1"
      universalify "^2.0.0"
  
  glob-parent@^5.1.2:
    version "5.1.2"
    resolved "https://registry.npmmirror.com/glob-parent/download/glob-parent-5.1.2.tgz?cache=0&sync_timestamp=1632954501757&other_urls=https%3A%2F%2Fregistry.npmmirror.com%2Fglob-parent%2Fdownload%2Fglob-parent-5.1.2.tgz#869832c58034fe68a4093c17dc15e8340d8401c4"
    integrity sha1-hpgyxYA0/mikCTwX3BXoNA2EAcQ=
    dependencies:
      is-glob "^4.0.1"
  
  globby@^11.0.1:
    version "11.0.4"
    resolved "https://registry.nlark.com/globby/download/globby-11.0.4.tgz#2cbaff77c2f2a62e71e9b2813a67b97a3a3001a5"
    integrity sha1-LLr/d8Lypi5x6bKBOme5ejowAaU=
    dependencies:
      array-union "^2.1.0"
      dir-glob "^3.0.1"
      fast-glob "^3.1.1"
      ignore "^5.1.4"
      merge2 "^1.3.0"
      slash "^3.0.0"
  
  graceful-fs@^4.1.6, graceful-fs@^4.2.0:
    version "4.2.8"
    resolved "https://registry.npmmirror.com/graceful-fs/download/graceful-fs-4.2.8.tgz#e412b8d33f5e006593cbd3cee6df9f2cebbe802a"
    integrity sha1-5BK40z9eAGWTy9PO5t+fLOu+gCo=
  
  graphlib@^2.1.8:
    version "2.1.8"
    resolved "https://registry.nlark.com/graphlib/download/graphlib-2.1.8.tgz#5761d414737870084c92ec7b5dbcb0592c9d35da"
    integrity sha1-V2HUFHN4cAhMkux7XbywWSydNdo=
    dependencies:
      lodash "^4.17.15"
  
  has-flag@^4.0.0:
    version "4.0.0"
    resolved "https://registry.nlark.com/has-flag/download/has-flag-4.0.0.tgz#944771fd9c81c81265c4d6941860da06bb59479b"
    integrity sha1-lEdx/ZyByBJlxNaUGGDaBrtZR5s=
  
  hash-sum@^2.0.0:
    version "2.0.0"
    resolved "https://registry.npm.taobao.org/hash-sum/download/hash-sum-2.0.0.tgz#81d01bb5de8ea4a214ad5d6ead1b523460b0b45a"
    integrity sha1-gdAbtd6OpKIUrV1urRtSNGCwtFo=
  
  iconv-lite@0.4:
    version "0.4.24"
    resolved "https://registry.nlark.com/iconv-lite/download/iconv-lite-0.4.24.tgz?cache=0&sync_timestamp=1621826342262&other_urls=https%3A%2F%2Fregistry.nlark.com%2Ficonv-lite%2Fdownload%2Ficonv-lite-0.4.24.tgz#2022b4b25fbddc21d2f524974a474aafe733908b"
    integrity sha1-ICK0sl+93CHS9SSXSkdKr+czkIs=
    dependencies:
      safer-buffer ">= 2.1.2 < 3"
  
  iconv-lite@0.6:
    version "0.6.3"
    resolved "https://registry.nlark.com/iconv-lite/download/iconv-lite-0.6.3.tgz?cache=0&sync_timestamp=1621826342262&other_urls=https%3A%2F%2Fregistry.nlark.com%2Ficonv-lite%2Fdownload%2Ficonv-lite-0.6.3.tgz#a52f80bf38da1952eb5c681790719871a1a72501"
    integrity sha1-pS+AvzjaGVLrXGgXkHGYcaGnJQE=
    dependencies:
      safer-buffer ">= 2.1.2 < 3.0.0"
  
  ieee754@^1.1.13:
    version "1.2.1"
    resolved "https://registry.nlark.com/ieee754/download/ieee754-1.2.1.tgz#8eb7a10a63fff25d15a57b001586d177d1b0d352"
    integrity sha1-jrehCmP/8l0VpXsAFYbRd9Gw01I=
  
  ignore@^5.1.4:
    version "5.2.0"
    resolved "https://registry.npmmirror.com/ignore/download/ignore-5.2.0.tgz#6d3bac8fa7fe0d45d9f9be7bac2fc279577e345a"
    integrity sha512-CmxgYGiEPCLhfLnpPp1MoRmifwEIOgjcHXxOBjv7mY96c+eWScsOP9c112ZyLdWHi0FxHjI+4uVhKYp/gcdRmQ==
  
  inherits@^2.0.3, inherits@^2.0.4:
    version "2.0.4"
    resolved "https://registry.npm.taobao.org/inherits/download/inherits-2.0.4.tgz#0fa2c64f932917c3433a0ded55363aae37416b7c"
    integrity sha1-D6LGT5MpF8NDOg3tVTY6rjdBa3w=
  
  "internmap@1 - 2":
    version "2.0.3"
    resolved "https://registry.nlark.com/internmap/download/internmap-2.0.3.tgz#6685f23755e43c524e251d29cbc97248e3061009"
    integrity sha1-ZoXyN1XkPFJOJR0py8lySOMGEAk=
  
  is-extglob@^2.1.1:
    version "2.1.1"
    resolved "https://registry.npm.taobao.org/is-extglob/download/is-extglob-2.1.1.tgz#a88c02535791f02ed37c76a1b9ea9773c833f8c2"
    integrity sha1-qIwCU1eR8C7TfHahueqXc8gz+MI=
  
  is-glob@^4.0.1:
    version "4.0.3"
    resolved "https://registry.npmmirror.com/is-glob/download/is-glob-4.0.3.tgz#64f61e42cbbb2eec2071a9dac0b28ba1e65d5084"
    integrity sha1-ZPYeQsu7LuwgcanawLKLoeZdUIQ=
    dependencies:
      is-extglob "^2.1.1"
  
  is-interactive@^1.0.0:
    version "1.0.0"
    resolved "https://registry.nlark.com/is-interactive/download/is-interactive-1.0.0.tgz#cea6e6ae5c870a7b0a0004070b7b587e0252912e"
    integrity sha1-zqbmrlyHCnsKAAQHC3tYfgJSkS4=
  
  is-number@^7.0.0:
    version "7.0.0"
    resolved "https://registry.npm.taobao.org/is-number/download/is-number-7.0.0.tgz#7535345b896734d5f80c4d06c50955527a14f12b"
    integrity sha1-dTU0W4lnNNX4DE0GxQlVUnoU8Ss=
  
  is-unicode-supported@^0.1.0:
    version "0.1.0"
    resolved "https://registry.nlark.com/is-unicode-supported/download/is-unicode-supported-0.1.0.tgz?cache=0&sync_timestamp=1625294010675&other_urls=https%3A%2F%2Fregistry.nlark.com%2Fis-unicode-supported%2Fdownload%2Fis-unicode-supported-0.1.0.tgz#3f26c76a809593b52bfa2ecb5710ed2779b522a7"
    integrity sha1-PybHaoCVk7Ur+i7LVxDtJ3m1Iqc=
  
  jsonfile@^6.0.1:
    version "6.1.0"
    resolved "https://registry.nlark.com/jsonfile/download/jsonfile-6.1.0.tgz#bc55b2634793c679ec6403094eb13698a6ec0aae"
    integrity sha1-vFWyY0eTxnnsZAMJTrE2mKbsCq4=
    dependencies:
      universalify "^2.0.0"
    optionalDependencies:
      graceful-fs "^4.1.6"
  
  khroma@^1.4.1:
    version "1.4.1"
    resolved "https://registry.npm.taobao.org/khroma/download/khroma-1.4.1.tgz#ad6a5b6a972befc5112ce5129887a1a83af2c003"
    integrity sha1-rWpbapcr78URLOUSmIehqDrywAM=
  
  linkify-it@^3.0.1:
    version "3.0.3"
    resolved "https://registry.npmmirror.com/linkify-it/download/linkify-it-3.0.3.tgz#a98baf44ce45a550efb4d49c769d07524cc2fa2e"
    integrity sha1-qYuvRM5FpVDvtNScdp0HUkzC+i4=
    dependencies:
      uc.micro "^1.0.1"
  
  lodash@^4.17.15:
    version "4.17.21"
    resolved "https://registry.npmmirror.com/lodash/download/lodash-4.17.21.tgz#679591c564c3bffaae8454cf0b3df370c3d6911c"
    integrity sha512-v2kDEe57lecTulaDIuNTPy3Ry4gLGJ6Z1O3vE1krgXZNrsQ+LFTGHVxVjcXPs17LhbZVGedAJv8XZ1tvj5FvSg==
  
  log-symbols@^4.1.0:
    version "4.1.0"
    resolved "https://registry.npmmirror.com/log-symbols/download/log-symbols-4.1.0.tgz#3fbdbb95b4683ac9fc785111e792e558d4abd503"
    integrity sha1-P727lbRoOsn8eFER55LlWNSr1QM=
    dependencies:
      chalk "^4.1.0"
      is-unicode-supported "^0.1.0"
  
  magic-string@^0.25.7:
    version "0.25.7"
    resolved "https://registry.nlark.com/magic-string/download/magic-string-0.25.7.tgz#3f497d6fd34c669c6798dcb821f2ef31f5445051"
    integrity sha1-P0l9b9NMZpxnmNy4IfLvMfVEUFE=
    dependencies:
      sourcemap-codec "^1.4.4"
  
  markdown-it@^12.3.0:
    version "12.3.0"
    resolved "https://registry.npmmirror.com/markdown-it/download/markdown-it-12.3.0.tgz#11490c61b412b8f41530319c005ecdcd4367171f"
    integrity sha512-T345UZZ6ejQWTjG6PSEHplzNy5m4kF6zvUpHVDv8Snl/pEU0OxIK0jGg8YLVNwJvT8E0YJC7/2UvssJDk/wQCQ==
    dependencies:
      argparse "^2.0.1"
      entities "~2.1.0"
      linkify-it "^3.0.1"
      mdurl "^1.0.1"
      uc.micro "^1.0.5"
  
  mdurl@^1.0.1:
    version "1.0.1"
    resolved "https://registry.nlark.com/mdurl/download/mdurl-1.0.1.tgz#fe85b2ec75a59037f2adfec100fd6c601761152e"
    integrity sha1-/oWy7HWlkDfyrf7BAP1sYBdhFS4=
  
  merge2@^1.3.0:
    version "1.4.1"
    resolved "https://registry.npm.taobao.org/merge2/download/merge2-1.4.1.tgz#4368892f885e907455a6fd7dc55c0c9d404990ae"
    integrity sha1-Q2iJL4hekHRVpv19xVwMnUBJkK4=
  
  mermaid@^8.13.4:
    version "8.13.6"
    resolved "https://registry.npmmirror.com/mermaid/download/mermaid-8.13.6.tgz#0dc7fcf5b07b45fe03a93f1828efa4e9b6525f71"
    integrity sha512-mz8MHq0IyEM7vLyl3fEOWgqMNYrowTS1s8Tx2EC1BGlT0KHpy4BFFgcKlLdor2vxSMSlXq1sAZS+aykFC6uUBA==
    dependencies:
      "@braintree/sanitize-url" "^3.1.0"
      d3 "^7.0.0"
      dagre "^0.8.5"
      dagre-d3 "^0.6.4"
      dompurify "2.3.4"
      graphlib "^2.1.8"
      khroma "^1.4.1"
      moment-mini "^2.24.0"
      stylis "^4.0.10"
  
  micromatch@^4.0.4:
    version "4.0.4"
    resolved "https://registry.nlark.com/micromatch/download/micromatch-4.0.4.tgz#896d519dfe9db25fce94ceb7a500919bf881ebf9"
    integrity sha1-iW1Rnf6dsl/OlM63pQCRm/iB6/k=
    dependencies:
      braces "^3.0.1"
      picomatch "^2.2.3"
  
  mimic-fn@^2.1.0:
    version "2.1.0"
    resolved "https://registry.npm.taobao.org/mimic-fn/download/mimic-fn-2.1.0.tgz#7ed2c2ccccaf84d3ffcb7a69b57711fc2083401b"
    integrity sha1-ftLCzMyvhNP/y3pptXcR/CCDQBs=
  
  moment-mini@^2.24.0:
    version "2.24.0"
    resolved "https://registry.npm.taobao.org/moment-mini/download/moment-mini-2.24.0.tgz#fa68d98f7fe93ae65bf1262f6abb5fb6983d8d18"
    integrity sha1-+mjZj3/pOuZb8SYvartftpg9jRg=
  
  ms@2.1.2:
    version "2.1.2"
    resolved "https://registry.npmmirror.com/ms/download/ms-2.1.2.tgz#d09d1f357b443f493382a8eb3ccd183872ae6009"
    integrity sha1-0J0fNXtEP0kzgqjrPM0YOHKuYAk=
  
  nanoid@^3.1.30:
    version "3.1.30"
    resolved "https://registry.npmmirror.com/nanoid/download/nanoid-3.1.30.tgz#63f93cc548d2a113dc5dfbc63bfa09e2b9b64362"
    integrity sha512-zJpuPDwOv8D2zq2WRoMe1HsfZthVewpel9CAvTfc/2mBD1uUT/agc5f7GHGWXlYkFvi1mVxe4IjvP2HNrop7nQ==
  
  onetime@^5.1.0:
    version "5.1.2"
    resolved "https://registry.npm.taobao.org/onetime/download/onetime-5.1.2.tgz#d0e96ebb56b07476df1dd9c4806e5237985ca45e"
    integrity sha1-0Oluu1awdHbfHdnEgG5SN5hcpF4=
    dependencies:
      mimic-fn "^2.1.0"
  
  ora@^5.1.0:
    version "5.4.1"
    resolved "https://registry.nlark.com/ora/download/ora-5.4.1.tgz#1b2678426af4ac4a509008e5e4ac9e9959db9e18"
    integrity sha1-GyZ4Qmr0rEpQkAjl5KyemVnbnhg=
    dependencies:
      bl "^4.1.0"
      chalk "^4.1.0"
      cli-cursor "^3.1.0"
      cli-spinners "^2.5.0"
      is-interactive "^1.0.0"
      is-unicode-supported "^0.1.0"
      log-symbols "^4.1.0"
      strip-ansi "^6.0.0"
      wcwidth "^1.0.1"
  
  path-type@^4.0.0:
    version "4.0.0"
    resolved "https://registry.nlark.com/path-type/download/path-type-4.0.0.tgz#84ed01c0a7ba380afe09d90a8c180dcd9d03043b"
    integrity sha1-hO0BwKe6OAr+CdkKjBgNzZ0DBDs=
  
  picocolors@^1.0.0:
    version "1.0.0"
    resolved "https://registry.npmmirror.com/picocolors/download/picocolors-1.0.0.tgz?cache=0&sync_timestamp=1634093442271&other_urls=https%3A%2F%2Fregistry.npmmirror.com%2Fpicocolors%2Fdownload%2Fpicocolors-1.0.0.tgz#cb5bdc74ff3f51892236eaf79d68bc44564ab81c"
    integrity sha1-y1vcdP8/UYkiNur3nWi8RFZKuBw=
  
  picomatch@^2.2.3:
    version "2.3.0"
    resolved "https://registry.nlark.com/picomatch/download/picomatch-2.3.0.tgz?cache=0&sync_timestamp=1621648246651&other_urls=https%3A%2F%2Fregistry.nlark.com%2Fpicomatch%2Fdownload%2Fpicomatch-2.3.0.tgz#f1f061de8f6a4bf022892e2d128234fb98302972"
    integrity sha1-8fBh3o9qS/AiiS4tEoI0+5gwKXI=
  
  postcss@^8.1.10:
    version "8.4.5"
    resolved "https://registry.npmmirror.com/postcss/download/postcss-8.4.5.tgz#bae665764dfd4c6fcc24dc0fdf7e7aa00cc77f95"
    integrity sha512-jBDboWM8qpaqwkMwItqTQTiFikhs/67OYVvblFFTM7MrZjt6yMKd6r2kgXizEbTTljacm4NldIlZnhbjr84QYg==
    dependencies:
      nanoid "^3.1.30"
      picocolors "^1.0.0"
      source-map-js "^1.0.1"
  
  queue-microtask@^1.2.2:
    version "1.2.3"
    resolved "https://registry.npm.taobao.org/queue-microtask/download/queue-microtask-1.2.3.tgz#4929228bbc724dfac43e0efb058caf7b6cfb6243"
    integrity sha1-SSkii7xyTfrEPg77BYyve2z7YkM=
  
  readable-stream@^3.4.0:
    version "3.6.0"
    resolved "https://registry.nlark.com/readable-stream/download/readable-stream-3.6.0.tgz#337bbda3adc0706bd3e024426a286d4b4b2c9198"
    integrity sha1-M3u9o63AcGvT4CRCaihtS0sskZg=
    dependencies:
      inherits "^2.0.3"
      string_decoder "^1.1.1"
      util-deprecate "^1.0.1"
  
  restore-cursor@^3.1.0:
    version "3.1.0"
    resolved "https://registry.nlark.com/restore-cursor/download/restore-cursor-3.1.0.tgz?cache=0&sync_timestamp=1629746923086&other_urls=https%3A%2F%2Fregistry.nlark.com%2Frestore-cursor%2Fdownload%2Frestore-cursor-3.1.0.tgz#39f67c54b3a7a58cea5236d95cf0034239631f7e"
    integrity sha1-OfZ8VLOnpYzqUjbZXPADQjljH34=
    dependencies:
      onetime "^5.1.0"
      signal-exit "^3.0.2"
  
  reusify@^1.0.4:
    version "1.0.4"
    resolved "https://registry.nlark.com/reusify/download/reusify-1.0.4.tgz#90da382b1e126efc02146e90845a88db12925d76"
    integrity sha1-kNo4Kx4SbvwCFG6QhFqI2xKSXXY=
  
  robust-predicates@^3.0.0:
    version "3.0.1"
    resolved "https://registry.npm.taobao.org/robust-predicates/download/robust-predicates-3.0.1.tgz#ecde075044f7f30118682bd9fb3f123109577f9a"
    integrity sha1-7N4HUET38wEYaCvZ+z8SMQlXf5o=
  
  run-parallel@^1.1.9:
    version "1.2.0"
    resolved "https://registry.nlark.com/run-parallel/download/run-parallel-1.2.0.tgz#66d1368da7bdf921eb9d95bd1a9229e7f21a43ee"
    integrity sha1-ZtE2jae9+SHrnZW9GpIp5/IaQ+4=
    dependencies:
      queue-microtask "^1.2.2"
  
  rw@1:
    version "1.3.3"
    resolved "https://registry.npmmirror.com/rw/download/rw-1.3.3.tgz#3f862dfa91ab766b14885ef4d01124bfda074fb4"
    integrity sha1-P4Yt+pGrdmsUiF700BEkv9oHT7Q=
  
  safe-buffer@~5.2.0:
    version "5.2.1"
    resolved "https://registry.npmmirror.com/safe-buffer/download/safe-buffer-5.2.1.tgz#1eaf9fa9bdb1fdd4ec75f58f9cdb4e6b7827eec6"
    integrity sha1-Hq+fqb2x/dTsdfWPnNtOa3gn7sY=
  
  "safer-buffer@>= 2.1.2 < 3", "safer-buffer@>= 2.1.2 < 3.0.0":
    version "2.1.2"
    resolved "https://registry.nlark.com/safer-buffer/download/safer-buffer-2.1.2.tgz#44fa161b0187b9549dd84bb91802f9bd8385cd6a"
    integrity sha1-RPoWGwGHuVSd2Eu5GAL5vYOFzWo=
  
  signal-exit@^3.0.2:
    version "3.0.6"
    resolved "https://registry.npmmirror.com/signal-exit/download/signal-exit-3.0.6.tgz?cache=0&sync_timestamp=1637255763586&other_urls=https%3A%2F%2Fregistry.npmmirror.com%2Fsignal-exit%2Fdownload%2Fsignal-exit-3.0.6.tgz#24e630c4b0f03fea446a2bd299e62b4a6ca8d0af"
    integrity sha512-sDl4qMFpijcGw22U5w63KmD3cZJfBuFlVNbVMKje2keoKML7X2UzWbc4XrmEbDwg0NXJc3yv4/ox7b+JWb57kQ==
  
  slash@^3.0.0:
    version "3.0.0"
    resolved "https://registry.nlark.com/slash/download/slash-3.0.0.tgz#6539be870c165adbd5240220dbe361f1bc4d4634"
    integrity sha1-ZTm+hwwWWtvVJAIg2+Nh8bxNRjQ=
  
  source-map-js@^1.0.1:
    version "1.0.1"
    resolved "https://registry.npmmirror.com/source-map-js/download/source-map-js-1.0.1.tgz?cache=0&sync_timestamp=1636400772640&other_urls=https%3A%2F%2Fregistry.npmmirror.com%2Fsource-map-js%2Fdownload%2Fsource-map-js-1.0.1.tgz#a1741c131e3c77d048252adfa24e23b908670caf"
    integrity sha512-4+TN2b3tqOCd/kaGRJ/sTYA0tR0mdXx26ipdolxcwtJVqEnqNYvlCAt1q3ypy4QMlYus+Zh34RNtYLoq2oQ4IA==
  
  source-map@^0.6.1:
    version "0.6.1"
    resolved "https://registry.nlark.com/source-map/download/source-map-0.6.1.tgz#74722af32e9614e9c287a8d0bbde48b5e2f1a263"
    integrity sha1-dHIq8y6WFOnCh6jQu95IteLxomM=
  
  sourcemap-codec@^1.4.4:
    version "1.4.8"
    resolved "https://registry.npmmirror.com/sourcemap-codec/download/sourcemap-codec-1.4.8.tgz#ea804bd94857402e6992d05a38ef1ae35a9ab4c4"
    integrity sha1-6oBL2UhXQC5pktBaOO8a41qatMQ=
  
  string_decoder@^1.1.1:
    version "1.3.0"
    resolved "https://registry.nlark.com/string_decoder/download/string_decoder-1.3.0.tgz#42f114594a46cf1a8e30b0a84f56c78c3edac21e"
    integrity sha1-QvEUWUpGzxqOMLCoT1bHjD7awh4=
    dependencies:
      safe-buffer "~5.2.0"
  
  strip-ansi@^6.0.0:
    version "6.0.1"
    resolved "https://registry.npmmirror.com/strip-ansi/download/strip-ansi-6.0.1.tgz#9e26c63d30f53443e9489495b2105d37b67a85d9"
    integrity sha1-nibGPTD1NEPpSJSVshBdN7Z6hdk=
    dependencies:
      ansi-regex "^5.0.1"
  
  stylis@^4.0.10:
    version "4.0.13"
    resolved "https://registry.npmmirror.com/stylis/download/stylis-4.0.13.tgz#f5db332e376d13cc84ecfe5dace9a2a51d954c91"
    integrity sha512-xGPXiFVl4YED9Jh7Euv2V220mriG9u4B2TA6Ybjc1catrstKD2PpIdU3U0RKpkVBC2EhmL/F0sPCr9vrFTNRag==
  
  supports-color@^7.1.0:
    version "7.2.0"
    resolved "https://registry.npmmirror.com/supports-color/download/supports-color-7.2.0.tgz#1b7dcdcb32b8138801b3e478ba6a51caa89648da"
    integrity sha1-G33NyzK4E4gBs+R4umpRyqiWSNo=
    dependencies:
      has-flag "^4.0.0"
  
  to-regex-range@^5.0.1:
    version "5.0.1"
    resolved "https://registry.nlark.com/to-regex-range/download/to-regex-range-5.0.1.tgz#1648c44aae7c8d988a326018ed72f5b4dd0392e4"
    integrity sha1-FkjESq58jZiKMmAY7XL1tN0DkuQ=
    dependencies:
      is-number "^7.0.0"
  
  typescript@^4.5.4:
    version "4.5.4"
    resolved "https://registry.npmmirror.com/typescript/download/typescript-4.5.4.tgz#a17d3a0263bf5c8723b9c52f43c5084edf13c2e8"
    integrity sha512-VgYs2A2QIRuGphtzFV7aQJduJ2gyfTljngLzjpfW9FoYZF6xuw1W0vW9ghCKLfcWrCFxK81CSGRAvS1pn4fIUg==
  
  uc.micro@^1.0.1, uc.micro@^1.0.5:
    version "1.0.6"
    resolved "https://registry.nlark.com/uc.micro/download/uc.micro-1.0.6.tgz#9c411a802a409a91fc6cf74081baba34b24499ac"
    integrity sha1-nEEagCpAmpH8bPdAgbq6NLJEmaw=
  
  universalify@^2.0.0:
    version "2.0.0"
    resolved "https://registry.nlark.com/universalify/download/universalify-2.0.0.tgz#75a4984efedc4b08975c5aeb73f530d02df25717"
    integrity sha1-daSYTv7cSwiXXFrrc/Uw0C3yVxc=
  
  upath@^1.2.0:
    version "1.2.0"
    resolved "https://registry.nlark.com/upath/download/upath-1.2.0.tgz#8f66dbcd55a883acdae4408af8b035a5044c1894"
    integrity sha1-j2bbzVWog6za5ECK+LA1pQRMGJQ=
  
  util-deprecate@^1.0.1:
    version "1.0.2"
    resolved "https://registry.nlark.com/util-deprecate/download/util-deprecate-1.0.2.tgz#450d4dc9fa70de732762fbd2d4a28981419a0ccf"
    integrity sha1-RQ1Nyfpw3nMnYvvS1KKJgUGaDM8=
  
  vue-router@4.0.0-rc.5:
    version "4.0.0-rc.5"
    resolved "https://registry.npmmirror.com/vue-router/download/vue-router-4.0.0-rc.5.tgz#191d32e3d5276641ff21e881d34e33a71dc6e8f0"
    integrity sha512-Q8Tt6VGwGMN5qASeIdjSydU3uRADK9AUkqnbnzmTz+zZKS0W6GZOAuP235lf3y5/MqEFSKRJGaTWPEY0t+Rjmg==
  
  vue@^3.0.0, vue@^3.2.26:
    version "3.2.26"
    resolved "https://registry.npmmirror.com/vue/download/vue-3.2.26.tgz#5db575583ecae495c7caa5c12fd590dffcbb763e"
    integrity sha512-KD4lULmskL5cCsEkfhERVRIOEDrfEL9CwAsLYpzptOGjaGFNWo3BQ9g8MAb7RaIO71rmVOziZ/uEN/rHwcUIhg==
    dependencies:
      "@vue/compiler-dom" "3.2.26"
      "@vue/compiler-sfc" "3.2.26"
      "@vue/runtime-dom" "3.2.26"
      "@vue/server-renderer" "3.2.26"
      "@vue/shared" "3.2.26"
  
  wcwidth@^1.0.1:
    version "1.0.1"
    resolved "https://registry.npm.taobao.org/wcwidth/download/wcwidth-1.0.1.tgz#f0b0dcf915bc5ff1528afadb2c0e17b532da2fe8"
    integrity sha1-8LDc+RW8X/FSivrbLA4XtTLaL+g=
    dependencies:
      defaults "^1.0.3"
